
Cadence Innovus(TM) Implementation System.
Copyright 2017 Cadence Design Systems, Inc. All rights reserved worldwide.

Version:	v17.11-s080_1, built Fri Aug 4 11:13:11 PDT 2017
Options:	
Date:		Thu Nov 28 22:13:31 2024
Host:		mario.ece.utexas.edu (x86_64 w/Linux 4.18.0-553.27.1.el8_10.x86_64) (16cores*64cpus*Intel(R) Xeon(R) Gold 5218 CPU @ 2.30GHz 22528KB)
OS:		Red Hat Enterprise Linux release 8.10 (Ootpa)

License:
		invs	Innovus Implementation System	17.1	checkout succeeded
		8 CPU jobs allowed with the current license(s). Use setMultiCpuUsage to set your required CPU count.
**ERROR: (IMPOAX-142):	Could not open shared library libinnovusoax22.so : /usr/local/packages/cadence_2017/innovus171/tools.lnx86/lib/64bit/libstdc++.so.6: version `CXXABI_1.3.8' not found (required by /usr/local/packages/cadence_2022/INNOVUS211/oa_v22.60.087/lib/linux_rhel60_64/opt/liboaDesign.so)

**ERROR: (IMPOAX-142):	Could not open shared library libcdsSkillPcell.so : /usr/local/packages/cadence_2017/innovus171/tools.lnx86/lib/64bit/libcdsSkillPcell.so: undefined symbol: _ZTIN12OpenAccess_413oaFSComponentE

**ERROR: (IMPOAX-142):	OA features will be disabled in this session.

Change the soft stacksize limit to 0.2%RAM (771 mbytes). Set global soft_stack_size_limit to change the value.

**INFO:  MMMC transition support version v31-84 

<CMD> set_global _enable_mmmc_by_default_flow      $CTE::mmmc_default
<CMD> suppressMessage ENCEXT-2799
<CMD> getVersion
<CMD> getDrawView
<CMD> loadWorkspace -name Physical
<CMD> win
<CMD> set init_gnd_net 1'b0
<CMD> set init_lef_file gscl45nm.lef
<CMD> set init_design_settop 0
<CMD> set init_verilog {apr45nm.v top_syn_16.v}
<CMD> set init_pwr_net 1'b1
<CMD> init_design
**ERROR: (IMPOAX-820):	The OA features are disabled in the current session of Innovus because the oax shared library could not be loaded properly. This could be because your installation was not properly configured. To enable OA features, exit the current session and re-launch Innovus either after fixing your installation by running the Configure Installation phase, or after setting the OA_HOME variable to point to a proper OA installation. Check the "OpenAccess Installation and Configuration Guide" manual for more information.

**ERROR: (IMPOAX-850):	oaxCreateCdsLibArray command cannot be run as OA features are disabled in this session.

Loading LEF file gscl45nm.lef ...
**WARN: (IMPLF-155):	ViaRule only supports routing/cut layer, but poly layer found for viaRule 'M1_POLY', 
Set DBUPerIGU to M2 pitch 380.

viaInitial starts at Thu Nov 28 22:14:37 2024
viaInitial ends at Thu Nov 28 22:14:37 2024
*** End library_loading (cpu=0.00min, real=0.00min, mem=0.0M, fe_cpu=0.15min, fe_real=1.10min, fe_mem=509.0M) ***
#% Begin Load netlist data ... (date=11/28 22:14:37, mem=514.9M)
*** Begin netlist parsing (mem=509.0M) ***
Created 0 new cells from 0 timing libraries.
Reading netlist ...
Backslashed names will retain backslash and a trailing blank character.
Reading verilog netlist 'apr45nm.v'
Reading verilog netlist 'top_syn_16.v'

*** Memory Usage v#1 (Current mem = 515.039M, initial mem = 186.469M) ***
*** End netlist parsing (cpu=0:00:00.0, real=0:00:00.0, mem=515.0M) ***
#% End Load netlist data ... (date=11/28 22:14:37, total cpu=0:00:00.1, real=0:00:00.0, peak res=521.7M, current mem=521.7M)
Top level cell is top_16.
Hooked 0 DB cells to tlib cells.
Starting recursive module instantiation check.
No recursion found.
Building hierarchical netlist for Cell top_16 ...
*** Netlist is unique.
Set DBUPerIGU to techSite CoreSite width 760.
** info: there are 787 modules.
** info: there are 1869 stdCell insts.

*** Memory Usage v#1 (Current mem = 551.703M, initial mem = 186.469M) ***
Horizontal Layer M1 offset = 190 (guessed)
Vertical Layer M2 offset = 190 (guessed)
Suggestion: specify LAYER OFFSET in LEF file
Reason: hard to extract LAYER OFFSET from standard cells
Generated pitch 1.68 in metal10 is different from 1.71 defined in technology file in preferred direction.
Generated pitch 0.84 in metal8 is different from 0.855 defined in technology file in preferred direction.
Generated pitch 0.95 in metal7 is different from 0.855 defined in technology file in preferred direction.
Generated pitch 0.28 in metal6 is different from 0.285 defined in technology file in preferred direction.
Generated pitch 0.28 in metal4 is different from 0.285 defined in technology file in preferred direction.
Set Default Net Delay as 1000 ps.
Set Default Net Load as 0.5 pF. 
Set Default Input Pin Transition as 0.1 ps.
**WARN: (IMPSYT-7328):	The design has been initialized in physical-only mode because the init_mmmc_file global variable was not defined. Timing analysis will not be possible within this session. You can only use commands that do not depend on timing data. If you need to use timing, you need to restart with an init_mmmc_file to define the timing setup, or you can save this design and use restoreDesign -mmmc_file <viewDef.tcl> to add the timing setup information.
Extraction setup Started 

*** Summary of all messages that are not suppressed in this session:
Severity  ID               Count  Summary                                  
WARNING   IMPLF-155            1  ViaRule only supports routing/cut layer,...
WARNING   IMPSYT-7328          1  The design has been initialized in physi...
ERROR     IMPOAX-820           1  The OA features are disabled in the curr...
ERROR     IMPOAX-850           1  %s command cannot be run as OA features ...
*** Message Summary: 2 warning(s), 2 error(s)

<CMD> getIoFlowFlag
<CMD> setFPlanRowSpacingAndType 10 1
Row spacing should be a multiple of the first horizontal routing layer pitch.
Adjusting row spacing to 10.07.
<CMD> setIoFlowFlag 0
<CMD> floorPlan -flip n -site CoreSite -r 1 0.7 20 20 20 20
Horizontal Layer M1 offset = 190 (guessed)
Vertical Layer M2 offset = 190 (guessed)
Suggestion: specify LAYER OFFSET in LEF file
Reason: hard to extract LAYER OFFSET from standard cells
Generated pitch 1.68 in metal10 is different from 1.71 defined in technology file in preferred direction.
Generated pitch 0.84 in metal8 is different from 0.855 defined in technology file in preferred direction.
Generated pitch 0.95 in metal7 is different from 0.855 defined in technology file in preferred direction.
Generated pitch 0.28 in metal6 is different from 0.285 defined in technology file in preferred direction.
Generated pitch 0.28 in metal4 is different from 0.285 defined in technology file in preferred direction.
**WARN: (IMPFP-325):	Floorplan of the design is resized. All current floorplan objects are automatically derived based on specified new floorplan. This may change blocks, fixed standard cells, existing routes and blockages.
<CMD> uiSetTool select
<CMD> getIoFlowFlag
<CMD> fit
<CMD> set sprCreateIeRingOffset 1.0
<CMD> set sprCreateIeRingThreshold 1.0
<CMD> set sprCreateIeRingJogDistance 1.0
<CMD> set sprCreateIeRingLayers {}
<CMD> set sprCreateIeRingOffset 1.0
<CMD> set sprCreateIeRingThreshold 1.0
<CMD> set sprCreateIeRingJogDistance 1.0
<CMD> set sprCreateIeRingLayers {}
<CMD> set sprCreateIeStripeWidth 10.0
<CMD> set sprCreateIeStripeThreshold 1.0
<CMD> set sprCreateIeStripeWidth 10.0
<CMD> set sprCreateIeStripeThreshold 1.0
<CMD> set sprCreateIeRingOffset 1.0
<CMD> set sprCreateIeRingThreshold 1.0
<CMD> set sprCreateIeRingJogDistance 1.0
<CMD> set sprCreateIeRingLayers {}
<CMD> set sprCreateIeStripeWidth 10.0
<CMD> set sprCreateIeStripeThreshold 1.0
<CMD> setAddRingMode -ring_target default -extend_over_row 0 -ignore_rows 0 -avoid_short 0 -skip_crossing_trunks none -stacked_via_top_layer metal10 -stacked_via_bottom_layer metal1 -via_using_exact_crossover_size 1 -orthogonal_only true -skip_via_on_pin {  standardcell } -skip_via_on_wire_shape {  noshape }
The ring targets are set to core/block ring wires.
addRing command will consider rows while creating rings.
addRing command will disallow rings to go over rows.
addRing command will ignore shorts while creating rings.
<CMD> addRing -nets {1'b0 1'b1} -type core_rings -follow core -layer {top metal1 bottom metal1 left metal2 right metal2} -width {top 0.5 bottom 0.5 left 0.5 right 0.5} -spacing {top 0.3 bottom 0.3 left 0.3 right 0.3} -offset {top 1.8 bottom 1.8 left 1.8 right 1.8} -center 1 -extend_corner {} -threshold 0 -jog_distance 0 -snap_wire_center_to_grid None

The power planner has cut rows, and such rows will be considered to be placement objects.
Ring generation is complete.
vias are now being generated.
addRing created 8 wires.
ViaGen created 8 vias, deleted 0 via to avoid violation.
+--------+----------------+----------------+
|  Layer |     Created    |     Deleted    |
+--------+----------------+----------------+
| metal1 |        4       |       NA       |
|  via1  |        8       |        0       |
| metal2 |        4       |       NA       |
+--------+----------------+----------------+
**WARN: (IMPTCM-77):	Option "-drouteStartIteration" for command getNanoRouteMode is obsolete and will be removed in a future release. The obsolete option still works in this release but to avoid this warning and to ensure compatibility with future releases, remove the obsolete option from your script.
**WARN: (IMPTCM-77):	Option "-modulePlan" for command getPlaceMode is obsolete and will be removed in a future release. The obsolete option still works in this release but to avoid this warning and to ensure compatibility with future releases, remove the obsolete option from your script.
**WARN: (IMPTCM-125):	Option "-checkPinLayerForAccess" for command getPlaceMode is obsolete and will be ignored. It no longer has any effect and should be removed from your script.
<CMD> setRouteMode -earlyGlobalHonorMsvRouteConstraint false -earlyGlobalRoutePartitionPinGuide true
<CMD> setEndCapMode -reset
<CMD> setEndCapMode -boundary_tap false
<CMD> setNanoRouteMode -quiet -droutePostRouteSpreadWire 1
**WARN: (IMPTCM-77):	Option "-drouteStartIteration" for command getNanoRouteMode is obsolete and will be removed in a future release. The obsolete option still works in this release but to avoid this warning and to ensure compatibility with future releases, remove the obsolete option from your script.
**WARN: (IMPTCM-77):	Option "-drouteStartIteration" for command getNanoRouteMode is obsolete and will be removed in a future release. The obsolete option still works in this release but to avoid this warning and to ensure compatibility with future releases, remove the obsolete option from your script.
**WARN: (IMPTCM-77):	Option "-envDontUseLicsForThreadings" for command getNanoRouteMode is obsolete and will be removed in a future release. The obsolete option still works in this release but to avoid this warning and to ensure compatibility with future releases, remove the obsolete option from your script.
**WARN: (IMPTCM-77):	Option "-routeAllowPowerGroundPin" for command getNanoRouteMode is obsolete and will be removed in a future release. The obsolete option still works in this release but to avoid this warning and to ensure compatibility with future releases, remove the obsolete option from your script.
**WARN: (IMPTCM-77):	Option "-routeAllowPowerGroundPin" for command getNanoRouteMode is obsolete and will be removed in a future release. The obsolete option still works in this release but to avoid this warning and to ensure compatibility with future releases, remove the obsolete option from your script.
**WARN: (IMPTCM-77):	Option "-routeEcoOnlyInLayers" for command getNanoRouteMode is obsolete and will be removed in a future release. The obsolete option still works in this release but to avoid this warning and to ensure compatibility with future releases, remove the obsolete option from your script.
<CMD> setUsefulSkewMode -maxSkew false -noBoundary false -useCells {} -maxAllowedDelay 1
**WARN: (IMPOPT-6036):	-useCells list is empty.
**WARN: (IMPTCM-77):	Option "-modulePlan" for command getPlaceMode is obsolete and will be removed in a future release. The obsolete option still works in this release but to avoid this warning and to ensure compatibility with future releases, remove the obsolete option from your script.
<CMD> setPlaceMode -reset
<CMD> setPlaceMode -congEffort auto -timingDriven 1 -modulePlan 1 -clkGateAware 0 -powerDriven 0 -ignoreScan 1 -reorderScan 1 -ignoreSpare 1 -placeIOPins 1 -moduleAwareSpare 0 -checkPinLayerForAccess {  1 } -preserveRouting 0 -rmAffectedRouting 0 -checkRoute 0 -swapEEQ 0
**WARN: (IMPTCM-77):	Option "-modulePlan" for command setPlaceMode is obsolete and will be removed in a future release. The obsolete option still works in this release but to avoid this warning and to ensure compatibility with future releases, remove the obsolete option from your script.
**WARN: (IMPTCM-125):	Option "-checkPinLayerForAccess" for command setPlaceMode is obsolete and will be ignored. It no longer has any effect and should be removed from your script.
<CMD> setPlaceMode -fp false
<CMD> placeDesign
**WARN: (IMPSP-9513):	Timing constraint file does not exist
**WARN: (IMPSP-9514):	Non-TimingDriven placement will be performed.
*** Starting placeDesign default flow ***
Deleted 0 physical inst  (cell - / prefix -).
Extracting standard cell pins and blockage ...... 
Pin and blockage extraction finished
Extracting macro/IO cell pins and blockage ...... 
Pin and blockage extraction finished
*** Starting "NanoPlace(TM) placement v#10 (mem=873.0M)" ...
No user setting net weight.
Options: ignoreScan ignoreSpare pinGuide congEffort=auto gpeffort=medium 
**WARN: (IMPSP-9042):	Scan chains were not defined, -place_global_ignore_scan option will be ignored.
Define the scan chains before using this option.
Type 'man IMPSP-9042' for more detail.
#std cell=1869 (0 fixed + 1869 movable) #block=0 (0 floating + 0 preplaced)
#ioInst=0 #net=1885 #term=5540 #term/net=2.94, #fixedIo=0, #floatIo=0, #fixedPin=0, #floatPin=64
stdCell: 1869 single + 0 double + 0 multi
Total standard cell length = 2.3609 (mm), area = 0.0058 (mm^2)
**Info: (IMPSP-307): Design contains fractional 20 cells.
Estimated cell power/ground rail width = 0.540 um
Average module density = 0.780.
Density for the design = 0.780.
       = stdcell_area 6213 sites (5832 um^2) / alloc_area 7962 sites (7473 um^2).
Pin Density = 0.5947.
            = total # of pins 5540 / total area 9316.
=== lastAutoLevel = 8 
**WARN: (IMPSP-9531):	Turning off clkGateAware when timingDriven is off
Iteration  1: Total net bbox = 4.233e-11 (1.59e-11 2.64e-11)
              Est.  stn bbox = 4.450e-11 (1.71e-11 2.74e-11)
              cpu = 0:00:00.0 real = 0:00:00.0 mem = 885.0M
Iteration  2: Total net bbox = 4.233e-11 (1.59e-11 2.64e-11)
              Est.  stn bbox = 4.450e-11 (1.71e-11 2.74e-11)
              cpu = 0:00:00.0 real = 0:00:00.0 mem = 885.0M
Iteration  3: Total net bbox = 2.297e+01 (1.46e+01 8.33e+00)
              Est.  stn bbox = 2.579e+01 (1.66e+01 9.18e+00)
              cpu = 0:00:00.0 real = 0:00:00.0 mem = 902.0M
Iteration  4: Total net bbox = 2.434e+04 (1.14e+04 1.29e+04)
              Est.  stn bbox = 2.856e+04 (1.35e+04 1.51e+04)
              cpu = 0:00:00.3 real = 0:00:01.0 mem = 902.0M
Iteration  5: Total net bbox = 2.804e+04 (1.33e+04 1.48e+04)
              Est.  stn bbox = 3.354e+04 (1.60e+04 1.76e+04)
              cpu = 0:00:00.4 real = 0:00:00.0 mem = 902.0M
Iteration  6: Total net bbox = 2.877e+04 (1.37e+04 1.51e+04)
              Est.  stn bbox = 3.450e+04 (1.65e+04 1.80e+04)
              cpu = 0:00:00.4 real = 0:00:01.0 mem = 902.0M
Iteration  7: Total net bbox = 3.185e+04 (1.47e+04 1.72e+04)
              Est.  stn bbox = 3.762e+04 (1.76e+04 2.00e+04)
              cpu = 0:00:00.1 real = 0:00:00.0 mem = 904.0M
Iteration  8: Total net bbox = 3.185e+04 (1.47e+04 1.72e+04)
              Est.  stn bbox = 3.762e+04 (1.76e+04 2.00e+04)
              cpu = 0:00:00.0 real = 0:00:00.0 mem = 904.0M
Iteration  9: Total net bbox = 3.375e+04 (1.61e+04 1.76e+04)
              Est.  stn bbox = 3.947e+04 (1.90e+04 2.05e+04)
              cpu = 0:00:00.2 real = 0:00:00.0 mem = 904.0M
Iteration 10: Total net bbox = 3.262e+04 (1.60e+04 1.66e+04)
              Est.  stn bbox = 3.831e+04 (1.89e+04 1.94e+04)
              cpu = 0:00:00.1 real = 0:00:00.0 mem = 904.0M
Iteration 11: Total net bbox = 3.298e+04 (1.60e+04 1.70e+04)
              Est.  stn bbox = 3.868e+04 (1.88e+04 1.99e+04)
              cpu = 0:00:01.3 real = 0:00:01.0 mem = 904.0M
Iteration 12: Total net bbox = 3.298e+04 (1.60e+04 1.70e+04)
              Est.  stn bbox = 3.868e+04 (1.88e+04 1.99e+04)
              cpu = 0:00:00.0 real = 0:00:00.0 mem = 904.0M
*** cost = 3.298e+04 (1.60e+04 1.70e+04) (cpu for global=0:00:02.5) real=0:00:04.0***
Solver runtime cpu: 0:00:02.3 real: 0:00:02.4
Core Placement runtime cpu: 0:00:02.4 real: 0:00:04.0
**WARN: (IMPSP-9025):	No scan chain specified/traced.
Type 'man IMPSP-9025' for more detail.
**Info: (IMPSP-307): Design contains fractional 20 cells.
*** Starting refinePlace (0:00:14.4 mem=904.0M) ***
Total net bbox length = 3.305e+04 (1.602e+04 1.703e+04) (ext = 2.272e+03)
Density distribution unevenness ratio = 6.797%
Move report: Detail placement moves 1869 insts, mean move: 1.18 um, max move: 26.51 um
	Max move on inst (dadda_mult_16/adder_30/layer_0[17]/U4): (129.66, 171.22) --> (128.82, 145.54)
	Runtime: CPU: 0:00:00.2 REAL: 0:00:00.0 MEM: 904.0MB
Summary Report:
Instances move: 1869 (out of 1869 movable)
Instances flipped: 0
Mean displacement: 1.18 um
Max displacement: 26.51 um (Instance: dadda_mult_16/adder_30/layer_0[17]/U4) (129.655, 171.217) -> (128.82, 145.54)
	Length: 2 sites, height: 1 rows, site name: CoreSite, cell type: INVX1
Total net bbox length = 3.283e+04 (1.578e+04 1.705e+04) (ext = 2.273e+03)
Runtime: CPU: 0:00:00.2 REAL: 0:00:00.0 MEM: 904.0MB
*** Finished refinePlace (0:00:14.6 mem=904.0M) ***
*** End of Placement (cpu=0:00:02.7, real=0:00:04.0, mem=904.0M) ***
**Info: (IMPSP-307): Design contains fractional 20 cells.
default core: bins with density >  0.75 = 11.1 % ( 2 / 18 )
Density distribution unevenness ratio = 6.813%
Starting IO pin assignment...
The design is not routed. Using flight-line based method for pin assignment.
Completed IO pin assignment.
Starting congestion repair ...
[NR-eGR] honorMsvRouteConstraint: false
[NR-eGR] honorClockSpecNDR      : 0
[NR-eGR] minRouteLayer          : 2
[NR-eGR] maxRouteLayer          : 127
[NR-eGR] numTracksPerClockWire  : 0
[NR-eGR] Layer1 has no routable track
[NR-eGR] Layer2 has single uniform track structure
[NR-eGR] Layer3 has single uniform track structure
[NR-eGR] Layer4 has single uniform track structure
[NR-eGR] Layer5 has single uniform track structure
[NR-eGR] Layer6 has single uniform track structure
[NR-eGR] Layer7 has single uniform track structure
[NR-eGR] Layer8 has single uniform track structure
[NR-eGR] Layer9 has single uniform track structure
[NR-eGR] Layer10 has single uniform track structure
[NR-eGR] numRoutingBlks=0 numInstBlks=126 numPGBlocks=12 numBumpBlks=0 numBoundaryFakeBlks=0
[NR-eGR] numPreroutedNet = 0  numPreroutedWires = 0
[NR-eGR] Read numTotalNets=1885  numIgnoredNets=0
[NR-eGR] ============ Routing rule table ============
[NR-eGR] Rule id 0. Nets 1885 
[NR-eGR] id=0  ndrTrackId=0  ndrViaId=-1  extraSpace=0  numShields=0  maxHorDemand=1  maxVerDemand=1
[NR-eGR] Pitch:  L1=260  L2=380  L3=380  L4=560  L5=570  L6=560  L7=1900  L8=1680  L9=3420  L10=3360
[NR-eGR] ========================================
[NR-eGR] 
[NR-eGR] Layer group 1: route 1885 net(s) in layer range [2, 10]
[NR-eGR] earlyGlobalRoute overflow of layer group 1: 0.00% H + 0.00% V. EstWL: 3.627936e+04um
[NR-eGR] 
[NR-eGR] Congestion Analysis Layer By layer: (blocked Gcells are excluded) 
[NR-eGR]                OverCon            
[NR-eGR]                 #Gcell     %Gcell
[NR-eGR] Layer              (0)    OverCon 
[NR-eGR] ------------------------------------
[NR-eGR] Layer1       0( 0.00%)   ( 0.00%) 
[NR-eGR] Layer2       0( 0.00%)   ( 0.00%) 
[NR-eGR] Layer3       0( 0.00%)   ( 0.00%) 
[NR-eGR] Layer4       0( 0.00%)   ( 0.00%) 
[NR-eGR] Layer5       0( 0.00%)   ( 0.00%) 
[NR-eGR] Layer6       0( 0.00%)   ( 0.00%) 
[NR-eGR] Layer7       0( 0.00%)   ( 0.00%) 
[NR-eGR] Layer8       0( 0.00%)   ( 0.00%) 
[NR-eGR] Layer9       0( 0.00%)   ( 0.00%) 
[NR-eGR] Layer10       0( 0.00%)   ( 0.00%) 
[NR-eGR] ------------------------------------
[NR-eGR] Total        0( 0.00%)   ( 0.00%) 
[NR-eGR] 
[NR-eGR] Overflow after earlyGlobalRoute (GR compatible) 0.00% H + 0.00% V
[NR-eGR] Overflow after earlyGlobalRoute 0.00% H + 0.00% V
Local HotSpot Analysis: normalized max congestion hotspot area = 0.00, normalized total congestion hotspot area = 0.00 (area is in unit of 4 std-cell row bins)
Skipped repairing congestion.
[NR-eGR] --------------------------------------------------------------------------
[NR-eGR] Layer1(metal1)(F) length: 0.000000e+00um, number of vias: 5413
[NR-eGR] Layer2(metal2)(V) length: 1.267877e+04um, number of vias: 6110
[NR-eGR] Layer3(metal3)(H) length: 1.347702e+04um, number of vias: 1167
[NR-eGR] Layer4(metal4)(V) length: 7.687837e+03um, number of vias: 939
[NR-eGR] Layer5(metal5)(H) length: 4.109354e+03um, number of vias: 3
[NR-eGR] Layer6(metal6)(V) length: 2.850000e-01um, number of vias: 3
[NR-eGR] Layer7(metal7)(H) length: 6.900000e-01um, number of vias: 0
[NR-eGR] Layer8(metal8)(V) length: 0.000000e+00um, number of vias: 0
[NR-eGR] Layer9(metal9)(H) length: 0.000000e+00um, number of vias: 0
[NR-eGR] Layer10(metal10)(V) length: 0.000000e+00um, number of vias: 0
[NR-eGR] Total length: 3.795395e+04um, number of vias: 13635
[NR-eGR] --------------------------------------------------------------------------
[NR-eGR] Total clock nets wire length: 0.000000e+00um 
[NR-eGR] --------------------------------------------------------------------------
End of congRepair (cpu=0:00:00.1, real=0:00:00.0)
*** Finishing placeDesign default flow ***
**placeDesign ... cpu = 0: 0: 3, real = 0: 0: 4, mem = 925.0M **

*** Summary of all messages that are not suppressed in this session:
Severity  ID               Count  Summary                                  
WARNING   IMPSP-9513           1  Timing constraint file does not exist    
WARNING   IMPSP-9514           1  Non-TimingDriven placement will be perfo...
WARNING   IMPSP-9531           1  Turning off clkGateAware when timingDriv...
WARNING   IMPSP-9025           1  No scan chain specified/traced.          
WARNING   IMPSP-9042           1  Scan chains were not defined, -place_glo...
*** Message Summary: 5 warning(s), 0 error(s)

**WARN: (IMPTCM-77):	Option "-drouteStartIteration" for command getNanoRouteMode is obsolete and will be removed in a future release. The obsolete option still works in this release but to avoid this warning and to ensure compatibility with future releases, remove the obsolete option from your script.
<CMD> setNanoRouteMode -quiet -timingEngine {}
<CMD> setNanoRouteMode -quiet -routeWithSiPostRouteFix 0
**WARN: (IMPTCM-77):	Option "-drouteStartIteration" for command getNanoRouteMode is obsolete and will be removed in a future release. The obsolete option still works in this release but to avoid this warning and to ensure compatibility with future releases, remove the obsolete option from your script.
<CMD> setNanoRouteMode -quiet -drouteStartIteration default
**WARN: (IMPTCM-77):	Option "-drouteStartIteration" for command setNanoRouteMode is obsolete and will be removed in a future release. The obsolete option still works in this release but to avoid this warning and to ensure compatibility with future releases, remove the obsolete option from your script.
<CMD> setNanoRouteMode -quiet -routeTopRoutingLayer default
<CMD> setNanoRouteMode -quiet -routeBottomRoutingLayer default
<CMD> setNanoRouteMode -quiet -drouteEndIteration default
**WARN: (IMPTCM-77):	Option "-routeEcoOnlyInLayers" for command getNanoRouteMode is obsolete and will be removed in a future release. The obsolete option still works in this release but to avoid this warning and to ensure compatibility with future releases, remove the obsolete option from your script.
<CMD> setNanoRouteMode -quiet -routeWithTimingDriven false
<CMD> setNanoRouteMode -quiet -routeWithSiDriven false
Running Native NanoRoute ...
<CMD> routeDesign -globalDetail
#routeDesign: cpu time = 00:00:00, elapsed time = 00:00:00, memory = 807.98 (MB), peak = 807.98 (MB)
#WARNING (NRIG-96) Selected single pass global detail route "-globalDetail". Clock eco and post optimizations will not be run. See "man NRIG-96" for more details.
#**INFO: setDesignMode -flowEffort standard
#**INFO: mulit-cut via swapping is disabled by user.
#**INFO: All auto set options tuned by routeDesign will be restored to their original settings on command completion.
#**INFO: auto set of routeReserveSpaceForMultiCut to true
#**INFO: auto set of routeConcurrentMinimizeViaCountEffort to high
**Info: (IMPSP-307): Design contains fractional 20 cells.
Begin checking placement ... (start mem=926.4M, init mem=926.4M)
*info: Placed = 1869          
*info: Unplaced = 0           
Placement Density:66.69%(5832/8744)
Placement Density (including fixed std cells):66.69%(5832/8744)
Finished checkPlace (cpu: total=0:00:00.0, vio checks=0:00:00.0; mem=926.4M)
#**INFO: honoring user setting for routeWithTimingDriven set to false
#**INFO: honoring user setting for routeWithSiDriven set to false
**WARN: (IMPCK-8086):	The command changeUseClockNetStatus is obsolete and will be removed in the next release. This command still works in this release, but by the next release you must transition to the CCOpt-based CTS flow.

changeUseClockNetStatus Option :  -noFixedNetWires 
*** Changed status on (0) nets in Clock.
*** End changeUseClockNetStatus (cpu=0:00:00.0, real=0:00:00.0, mem=926.4M) ***

globalDetailRoute

#setNanoRouteMode -droutePostRouteSpreadWire "1"
#setNanoRouteMode -routeConcurrentMinimizeViaCountEffort "high"
#setNanoRouteMode -routeReserveSpaceForMultiCut true
#setNanoRouteMode -routeWithSiDriven false
#setNanoRouteMode -routeWithTimingDriven false
#Start globalDetailRoute on Thu Nov 28 22:16:32 2024
#
#WARNING (NRDB-2005) SPECIAL_NET 1'b1 has special wires but no definitions for instance pins or top level pins. This will cause routability problems later.
#WARNING (NRDB-2005) SPECIAL_NET 1'b0 has special wires but no definitions for instance pins or top level pins. This will cause routability problems later.
#WARNING (NRDB-976) The TRACK STEP 0.2800 for preferred direction tracks is smaller than the PITCH 0.2850 for LAYER metal4. This will cause routability problems for NanoRoute.
#WARNING (NRDB-976) The TRACK STEP 0.2800 for preferred direction tracks is smaller than the PITCH 0.2850 for LAYER metal6. This will cause routability problems for NanoRoute.
#WARNING (NRDB-976) The TRACK STEP 0.8400 for preferred direction tracks is smaller than the PITCH 0.8550 for LAYER metal8. This will cause routability problems for NanoRoute.
#WARNING (NRDB-976) The TRACK STEP 1.6800 for preferred direction tracks is smaller than the PITCH 1.7100 for LAYER metal10. This will cause routability problems for NanoRoute.
#NanoRoute Version 17.11-s080_1 NR170721-2155/17_11-UB
#Start routing data preparation on Thu Nov 28 22:16:32 2024
#
#WARNING (NRDB-2077) The below via enclosure for LAYER metal1 is not specified for width 0.0650.
#WARNING (NRDB-2078) The above via enclosure for LAYER metal2 is not specified for width 0.0700.
#WARNING (NRDB-2077) The below via enclosure for LAYER metal1 is not specified for width 0.0650.
#WARNING (NRDB-2078) The above via enclosure for LAYER metal2 is not specified for width 0.0700.
#WARNING (NRDB-2077) The below via enclosure for LAYER metal2 is not specified for width 0.0700.
#WARNING (NRDB-2078) The above via enclosure for LAYER metal3 is not specified for width 0.0700.
#WARNING (NRDB-2077) The below via enclosure for LAYER metal2 is not specified for width 0.0700.
#WARNING (NRDB-2078) The above via enclosure for LAYER metal3 is not specified for width 0.0700.
#WARNING (NRDB-2077) The below via enclosure for LAYER metal3 is not specified for width 0.0700.
#WARNING (NRDB-2078) The above via enclosure for LAYER metal4 is not specified for width 0.1400.
#WARNING (NRDB-2077) The below via enclosure for LAYER metal3 is not specified for width 0.0700.
#WARNING (NRDB-2078) The above via enclosure for LAYER metal4 is not specified for width 0.1400.
#WARNING (NRDB-2077) The below via enclosure for LAYER metal4 is not specified for width 0.1400.
#WARNING (NRDB-2078) The above via enclosure for LAYER metal5 is not specified for width 0.1400.
#WARNING (NRDB-2077) The below via enclosure for LAYER metal4 is not specified for width 0.1400.
#WARNING (NRDB-2078) The above via enclosure for LAYER metal5 is not specified for width 0.1400.
#WARNING (NRDB-2077) The below via enclosure for LAYER metal5 is not specified for width 0.1400.
#WARNING (NRDB-2078) The above via enclosure for LAYER metal6 is not specified for width 0.1400.
#WARNING (NRDB-2077) The below via enclosure for LAYER metal5 is not specified for width 0.1400.
#WARNING (NRDB-2078) The above via enclosure for LAYER metal6 is not specified for width 0.1400.
#WARNING (NRDB-2077) The below via enclosure for LAYER metal6 is not specified for width 0.1400.
#WARNING (NRDB-2078) The above via enclosure for LAYER metal7 is not specified for width 0.4000.
#WARNING (NRDB-2077) The below via enclosure for LAYER metal6 is not specified for width 0.1400.
#WARNING (NRDB-2078) The above via enclosure for LAYER metal7 is not specified for width 0.4000.
#WARNING (NRDB-2077) The below via enclosure for LAYER metal7 is not specified for width 0.4000.
#WARNING (NRDB-2078) The above via enclosure for LAYER metal8 is not specified for width 0.4000.
#WARNING (NRDB-2077) The below via enclosure for LAYER metal7 is not specified for width 0.4000.
#WARNING (NRDB-2078) The above via enclosure for LAYER metal8 is not specified for width 0.4000.
#WARNING (NRDB-2077) The below via enclosure for LAYER metal8 is not specified for width 0.4000.
#WARNING (NRDB-2078) The above via enclosure for LAYER metal9 is not specified for width 0.8000.
#WARNING (NRDB-2077) The below via enclosure for LAYER metal8 is not specified for width 0.4000.
#WARNING (NRDB-2078) The above via enclosure for LAYER metal9 is not specified for width 0.8000.
#WARNING (NRDB-2077) The below via enclosure for LAYER metal9 is not specified for width 0.8000.
#WARNING (NRDB-2078) The above via enclosure for LAYER metal10 is not specified for width 0.8000.
#WARNING (NRDB-2077) The below via enclosure for LAYER metal9 is not specified for width 0.8000.
#WARNING (NRDB-2078) The above via enclosure for LAYER metal10 is not specified for width 0.8000.
# metal1       H   Track-Pitch = 0.1900    Line-2-Via Pitch = 0.1300
# metal2       V   Track-Pitch = 0.1900    Line-2-Via Pitch = 0.1450
# metal3       H   Track-Pitch = 0.1900    Line-2-Via Pitch = 0.1400
# metal4       V   Track-Pitch = 0.2800    Line-2-Via Pitch = 0.2800
# metal5       H   Track-Pitch = 0.2850    Line-2-Via Pitch = 0.2800
# metal6       V   Track-Pitch = 0.2800    Line-2-Via Pitch = 0.2800
# metal7       H   Track-Pitch = 0.9500    Line-2-Via Pitch = 0.8000
# metal8       V   Track-Pitch = 0.8400    Line-2-Via Pitch = 0.8000
# metal9       H   Track-Pitch = 1.7100    Line-2-Via Pitch = 1.6000
# metal10      V   Track-Pitch = 1.6800    Line-2-Via Pitch = 1.6000
#Regenerating Ggrids automatically.
#Auto generating G-grids with size=15 tracks, using layer metal3's pitch = 0.1900.
#Using automatically generated G-grids.
#Done routing data preparation.
#cpu time = 00:00:00, elapsed time = 00:00:00, memory = 819.09 (MB), peak = 851.39 (MB)
#Merging special wires...
#
#Finished routing data preparation on Thu Nov 28 22:16:32 2024
#
#Cpu time = 00:00:00
#Elapsed time = 00:00:00
#Increased memory = 7.95 (MB)
#Total memory = 819.29 (MB)
#Peak memory = 851.39 (MB)
#
#
#Start global routing on Thu Nov 28 22:16:32 2024
#
#Number of eco nets is 0
#
#Start global routing data preparation on Thu Nov 28 22:16:32 2024
#
#Start routing resource analysis on Thu Nov 28 22:16:32 2024
#
#Routing resource analysis is done on Thu Nov 28 22:16:33 2024
#
#  Resource Analysis:
#
#               Routing  #Avail      #Track     #Total     %Gcell
#  Layer      Direction   Track     Blocked      Gcell    Blocked
#  --------------------------------------------------------------
#  metal1         H        1281           0        7395     3.77%
#  metal2         V        1293          15        7395     0.00%
#  metal3         H        1281           0        7395     0.00%
#  metal4         V         871           0        7395     0.00%
#  metal5         H         853           0        7395     0.00%
#  metal6         V         871           0        7395     0.00%
#  metal7         H         256           0        7395     0.00%
#  metal8         V         295           0        7395     0.00%
#  metal9         H         141           0        7395     0.00%
#  metal10        V         147           0        7395     0.00%
#  --------------------------------------------------------------
#  Total                   7289       0.11%       73950     0.38%
#
#
#
#
#Global routing data preparation is done on Thu Nov 28 22:16:33 2024
#
#cpu time = 00:00:00, elapsed time = 00:00:00, memory = 820.61 (MB), peak = 851.39 (MB)
#
#cpu time = 00:00:00, elapsed time = 00:00:00, memory = 820.61 (MB), peak = 851.39 (MB)
#
#start global routing iteration 1...
#cpu time = 00:00:00, elapsed time = 00:00:00, memory = 834.34 (MB), peak = 851.39 (MB)
#
#start global routing iteration 2...
#cpu time = 00:00:00, elapsed time = 00:00:00, memory = 836.40 (MB), peak = 851.39 (MB)
#
#
#Total number of trivial nets (e.g. < 2 pins) = 933 (skipped).
#Total number of routable nets = 1885.
#Total number of nets in the design = 2818.
#
#1885 routable nets have only global wires.
#
#Routed nets constraints summary:
#-----------------------------
#        Rules   Unconstrained  
#-----------------------------
#      Default            1885  
#-----------------------------
#        Total            1885  
#-----------------------------
#
#Routing constraints summary of the whole design:
#-----------------------------
#        Rules   Unconstrained  
#-----------------------------
#      Default            1885  
#-----------------------------
#        Total            1885  
#-----------------------------
#
#
#  Congestion Analysis: (blocked Gcells are excluded)
#
#                 OverCon          
#                  #Gcell    %Gcell
#     Layer           (1)   OverCon
#  --------------------------------
#  metal1        0(0.00%)   (0.00%)
#  metal2        0(0.00%)   (0.00%)
#  metal3        0(0.00%)   (0.00%)
#  metal4        0(0.00%)   (0.00%)
#  metal5        0(0.00%)   (0.00%)
#  metal6        0(0.00%)   (0.00%)
#  metal7        0(0.00%)   (0.00%)
#  metal8        0(0.00%)   (0.00%)
#  metal9        0(0.00%)   (0.00%)
#  metal10       0(0.00%)   (0.00%)
#  --------------------------------
#     Total      0(0.00%)   (0.00%)
#
#  The worst congested Gcell overcon (routing demand over resource in number of tracks) = 1
#  Overflow after GR: 0.00% H + 0.00% V
#
[hotspot] +------------+---------------+---------------+
[hotspot] |            |   max hotspot | total hotspot |
[hotspot] +------------+---------------+---------------+
[hotspot] | normalized |          0.00 |          0.00 |
[hotspot] +------------+---------------+---------------+
Local HotSpot Analysis: normalized max congestion hotspot area = 0.00, normalized total congestion hotspot area = 0.00 (area is in unit of 4 std-cell row bins)
#Complete Global Routing.
#Total wire length = 34871 um.
#Total half perimeter of net bounding box = 34807 um.
#Total wire length on LAYER metal1 = 2907 um.
#Total wire length on LAYER metal2 = 17950 um.
#Total wire length on LAYER metal3 = 13962 um.
#Total wire length on LAYER metal4 = 0 um.
#Total wire length on LAYER metal5 = 52 um.
#Total wire length on LAYER metal6 = 0 um.
#Total wire length on LAYER metal7 = 0 um.
#Total wire length on LAYER metal8 = 0 um.
#Total wire length on LAYER metal9 = 0 um.
#Total wire length on LAYER metal10 = 0 um.
#Total number of vias = 9416
#Up-Via Summary (total 9416):
#           
#-----------------------
# metal1           5841
# metal2           3549
# metal3             11
# metal4              9
# metal5              3
# metal6              3
#-----------------------
#                  9416 
#
#Max overcon = 0 track.
#Total overcon = 0.00%.
#Worst layer Gcell overcon rate = 0.00%.
#
#Global routing statistics:
#Cpu time = 00:00:00
#Elapsed time = 00:00:00
#Increased memory = 17.11 (MB)
#Total memory = 836.40 (MB)
#Peak memory = 851.39 (MB)
#
#Finished global routing on Thu Nov 28 22:16:33 2024
#
#
#cpu time = 00:00:00, elapsed time = 00:00:00, memory = 824.46 (MB), peak = 851.39 (MB)
#Start Track Assignment.
#Done with 2723 horizontal wires in 1 hboxes and 1535 vertical wires in 1 hboxes.
#Done with 582 horizontal wires in 1 hboxes and 197 vertical wires in 1 hboxes.
#Done with 1 horizontal wires in 1 hboxes and 1 vertical wires in 1 hboxes.
#
#Track assignment summary:
# layer   (wire length)   (overlap)     (long ovlp)	(with obs/pg/clk)  
#------------------------------------------------------------------------
# metal1      2967.77 	  0.00%  	  0.00% 	  0.00%
# metal2     17770.35 	  0.01%  	  0.00% 	  0.00%
# metal3     13800.94 	  0.12%  	  0.00% 	  0.00%
# metal4         0.00 	  0.00%  	  0.00% 	  0.00%
# metal5        52.15 	  0.00%  	  0.00% 	  0.00%
# metal6         0.00 	  0.00%  	  0.00% 	  0.00%
# metal7         0.00 	  0.00%  	  0.00% 	  0.00%
# metal8         0.00 	  0.00%  	  0.00% 	  0.00%
# metal9         0.00 	  0.00%  	  0.00% 	  0.00%
# metal10        0.00 	  0.00%  	  0.00% 	  0.00%
#------------------------------------------------------------------------
# All       34591.20  	  0.06% 	  0.00% 	  0.00%
#Complete Track Assignment.
#Total wire length = 36958 um.
#Total half perimeter of net bounding box = 34807 um.
#Total wire length on LAYER metal1 = 4508 um.
#Total wire length on LAYER metal2 = 17757 um.
#Total wire length on LAYER metal3 = 14638 um.
#Total wire length on LAYER metal4 = 0 um.
#Total wire length on LAYER metal5 = 55 um.
#Total wire length on LAYER metal6 = 0 um.
#Total wire length on LAYER metal7 = 1 um.
#Total wire length on LAYER metal8 = 0 um.
#Total wire length on LAYER metal9 = 0 um.
#Total wire length on LAYER metal10 = 0 um.
#Total number of vias = 9416
#Up-Via Summary (total 9416):
#           
#-----------------------
# metal1           5841
# metal2           3549
# metal3             11
# metal4              9
# metal5              3
# metal6              3
#-----------------------
#                  9416 
#
#cpu time = 00:00:00, elapsed time = 00:00:00, memory = 826.29 (MB), peak = 851.39 (MB)
#
#Routing data preparation, pin analysis, global routing and track assignment statistics:
#Cpu time = 00:00:00
#Elapsed time = 00:00:01
#Increased memory = 14.96 (MB)
#Total memory = 826.29 (MB)
#Peak memory = 851.39 (MB)
#
#Start Detail Routing..
#start initial detail routing ...
#   number of violations = 1
#
#    By Layer and Type :
#	         MetSpc   Totals
#	metal1        0        0
#	metal2        1        1
#	Totals        1        1
#cpu time = 00:00:06, elapsed time = 00:00:06, memory = 852.29 (MB), peak = 878.86 (MB)
#start 1st optimization iteration ...
#   number of violations = 0
#cpu time = 00:00:00, elapsed time = 00:00:00, memory = 852.46 (MB), peak = 878.86 (MB)
#Complete Detail Routing.
#Total wire length = 37398 um.
#Total half perimeter of net bounding box = 34807 um.
#Total wire length on LAYER metal1 = 3506 um.
#Total wire length on LAYER metal2 = 19678 um.
#Total wire length on LAYER metal3 = 14051 um.
#Total wire length on LAYER metal4 = 4 um.
#Total wire length on LAYER metal5 = 128 um.
#Total wire length on LAYER metal6 = 1 um.
#Total wire length on LAYER metal7 = 30 um.
#Total wire length on LAYER metal8 = 0 um.
#Total wire length on LAYER metal9 = 0 um.
#Total wire length on LAYER metal10 = 0 um.
#Total number of vias = 10535
#Up-Via Summary (total 10535):
#           
#-----------------------
# metal1           5981
# metal2           4526
# metal3             13
# metal4              9
# metal5              3
# metal6              3
#-----------------------
#                 10535 
#
#Total number of DRC violations = 0
#Cpu time = 00:00:06
#Elapsed time = 00:00:06
#Increased memory = 0.63 (MB)
#Total memory = 826.92 (MB)
#Peak memory = 878.86 (MB)
#
#Start Post Route wire spreading..
#
#Start DRC checking..
#   number of violations = 0
#cpu time = 00:00:01, elapsed time = 00:00:01, memory = 860.69 (MB), peak = 878.86 (MB)
#CELL_VIEW top_16,init has no DRC violation.
#Total number of DRC violations = 0
#
#Start data preparation for wire spreading...
#
#Data preparation is done on Thu Nov 28 22:16:40 2024
#
#
#Start Post Route Wire Spread.
#Done with 1362 horizontal wires in 2 hboxes and 351 vertical wires in 2 hboxes.
#Complete Post Route Wire Spread.
#
#Total wire length = 38126 um.
#Total half perimeter of net bounding box = 34807 um.
#Total wire length on LAYER metal1 = 3548 um.
#Total wire length on LAYER metal2 = 19804 um.
#Total wire length on LAYER metal3 = 14611 um.
#Total wire length on LAYER metal4 = 4 um.
#Total wire length on LAYER metal5 = 128 um.
#Total wire length on LAYER metal6 = 1 um.
#Total wire length on LAYER metal7 = 30 um.
#Total wire length on LAYER metal8 = 0 um.
#Total wire length on LAYER metal9 = 0 um.
#Total wire length on LAYER metal10 = 0 um.
#Total number of vias = 10535
#Up-Via Summary (total 10535):
#           
#-----------------------
# metal1           5981
# metal2           4526
# metal3             13
# metal4              9
# metal5              3
# metal6              3
#-----------------------
#                 10535 
#
#
#Start DRC checking..
#   number of violations = 0
#cpu time = 00:00:01, elapsed time = 00:00:01, memory = 860.42 (MB), peak = 878.86 (MB)
#CELL_VIEW top_16,init has no DRC violation.
#Total number of DRC violations = 0
#   number of violations = 0
#cpu time = 00:00:01, elapsed time = 00:00:01, memory = 830.67 (MB), peak = 878.86 (MB)
#CELL_VIEW top_16,init has no DRC violation.
#Total number of DRC violations = 0
#Post Route wire spread is done.
#Total wire length = 38126 um.
#Total half perimeter of net bounding box = 34807 um.
#Total wire length on LAYER metal1 = 3548 um.
#Total wire length on LAYER metal2 = 19804 um.
#Total wire length on LAYER metal3 = 14611 um.
#Total wire length on LAYER metal4 = 4 um.
#Total wire length on LAYER metal5 = 128 um.
#Total wire length on LAYER metal6 = 1 um.
#Total wire length on LAYER metal7 = 30 um.
#Total wire length on LAYER metal8 = 0 um.
#Total wire length on LAYER metal9 = 0 um.
#Total wire length on LAYER metal10 = 0 um.
#Total number of vias = 10535
#Up-Via Summary (total 10535):
#           
#-----------------------
# metal1           5981
# metal2           4526
# metal3             13
# metal4              9
# metal5              3
# metal6              3
#-----------------------
#                 10535 
#
#detailRoute Statistics:
#Cpu time = 00:00:08
#Elapsed time = 00:00:08
#Increased memory = 2.26 (MB)
#Total memory = 828.55 (MB)
#Peak memory = 878.86 (MB)
#
#globalDetailRoute statistics:
#Cpu time = 00:00:08
#Elapsed time = 00:00:08
#Increased memory = 27.44 (MB)
#Total memory = 835.52 (MB)
#Peak memory = 878.86 (MB)
#Number of warnings = 42
#Total number of warnings = 43
#Number of fails = 0
#Total number of fails = 0
#Complete globalDetailRoute on Thu Nov 28 22:16:41 2024
#
#routeDesign: cpu time = 00:00:08, elapsed time = 00:00:09, memory = 835.75 (MB), peak = 878.86 (MB)

*** Summary of all messages that are not suppressed in this session:
Severity  ID               Count  Summary                                  
WARNING   IMPCK-8086           1  The command %s is obsolete and will be r...
*** Message Summary: 1 warning(s), 0 error(s)

<CMD> verifyGeometry
 *** Starting Verify Geometry (MEM: 955.2) ***

**WARN: (IMPVFG-257):	verifyGeometry command is replaced by verify_drc command. It still works in this release but will be removed in future release. Please update your script to use the new command.
  VERIFY GEOMETRY ...... Starting Verification
  VERIFY GEOMETRY ...... Initializing
  VERIFY GEOMETRY ...... Deleting Existing Violations
  VERIFY GEOMETRY ...... Creating Sub-Areas
                  ...... bin size: 2080
VG: elapsed time: 0.00
Begin Summary ...
  Cells       : 0
  SameNet     : 0
  Wiring      : 0
  Antenna     : 0
  Short       : 0
  Overlap     : 0
End Summary

  Verification Complete : 0 Viols.  0 Wrngs.

**********End: VERIFY GEOMETRY**********
 *** verify geometry (CPU: 0:00:00.3  MEM: 129.7M)

<CMD> verifyConnectivity -type all -noAntenna -noWeakConnect -noSoftPGConnect -error 1000 -warning 50
VERIFY_CONNECTIVITY use new engine.

******** Start: VERIFY CONNECTIVITY ********
Start Time: Thu Nov 28 22:17:05 2024

Design Name: top_16
Database Units: 2000
Design Boundary: (0.0000, 0.0000) (248.5200, 243.3900)
Error Limit = 1000; Warning Limit = 50
Check all nets

Begin Summary 
  Found no problems or warnings.
End Summary

End Time: Thu Nov 28 22:17:05 2024
Time Elapsed: 0:00:00.0

******** End: VERIFY CONNECTIVITY ********
  Verification Complete : 0 Viols.  0 Wrngs.
  (CPU Time: 0:00:00.1  MEM: 0.000M)

<CMD> reset_parasitics
Performing RC Extraction ...
<CMD> extractRC
Extraction called for design 'top_16' of instances=1869 and nets=2818 using extraction engine 'preRoute' .
**WARN: (IMPEXT-3530):	The process node is not set. Use the command setDesignMode -process <process node> prior to extraction for maximum accuracy and optimal automatic threshold setting.
Type 'man IMPEXT-3530' for more detail.
PreRoute RC Extraction called for design top_16.
**WARN: (IMPEXT-6197):	The Cap table file is not specified. This will result in lower parasitic accuracy when using preRoute extraction or postRoute extraction with effort level 'low'. It is recommended to generate the Cap table file using the 'generateCapTbl' command and specify it before extraction using 'create_rc_corner/update_rc_corner -cap_table'.
Type 'man IMPEXT-6197' for more detail.
RCMode: PreRoute
Capacitance Scaling Factor   : 1.00000
Resistance Scaling Factor    : 1.00000
Clock Cap Scaling Factor    : 1.00000
Clock Res Scaling Factor     : 1.00000
Shrink Factor                : 1.00000
PreRoute extraction is honoring NDR/Shielding/ExtraSpace for clock nets.
Updating RC grid for preRoute extraction ...
PreRoute RC Extraction DONE (CPU Time: 0:00:00.0  Real Time: 0:00:00.0  MEM: 1084.812M)
<CMD> rcOut -spf top_16.spf
   RC-typical , Operating temperature 25 C
Dumping SPF file.....
**WARN: (IMPEXT-2883):	The resistance extracted for a wire belonging to net a_in[15] is 0 ohms. Therefore, a small value of 0.1 ohms is assigned to it.
**WARN: (IMPEXT-2882):	Unable to find the resistance for via 'M2_M1_via' in Cap table or LEF or OA files. The default value of 4.0 ohms is being assigned. To avoid this, check the Cap table and LEF and OA files, provide the resistance and read the files again.
**WARN: (IMPEXT-2882):	Unable to find the resistance for via 'M3_M2_viaC' in Cap table or LEF or OA files. The default value of 4.0 ohms is being assigned. To avoid this, check the Cap table and LEF and OA files, provide the resistance and read the files again.
**WARN: (IMPEXT-2883):	The resistance extracted for a wire belonging to net a_in[5] is 0 ohms. Therefore, a small value of 0.1 ohms is assigned to it.
**WARN: (IMPEXT-2882):	Unable to find the resistance for via 'M5_M4_via' in Cap table or LEF or OA files. The default value of 4.0 ohms is being assigned. To avoid this, check the Cap table and LEF and OA files, provide the resistance and read the files again.
**WARN: (IMPEXT-2882):	Unable to find the resistance for via 'M4_M3_via' in Cap table or LEF or OA files. The default value of 4.0 ohms is being assigned. To avoid this, check the Cap table and LEF and OA files, provide the resistance and read the files again.
**WARN: (IMPEXT-2883):	The resistance extracted for a wire belonging to net a_in[4] is 0 ohms. Therefore, a small value of 0.1 ohms is assigned to it.
**WARN: (IMPEXT-2883):	The resistance extracted for a wire belonging to net a_in[3] is 0 ohms. Therefore, a small value of 0.1 ohms is assigned to it.
**WARN: (IMPEXT-2883):	The resistance extracted for a wire belonging to net a_in[0] is 0 ohms. Therefore, a small value of 0.1 ohms is assigned to it.
**WARN: (IMPEXT-2883):	The resistance extracted for a wire belonging to net b_in[11] is 0 ohms. Therefore, a small value of 0.1 ohms is assigned to it.
**WARN: (IMPEXT-2883):	The resistance extracted for a wire belonging to net b_in[7] is 0 ohms. Therefore, a small value of 0.1 ohms is assigned to it.
**WARN: (IMPEXT-2882):	Unable to find the resistance for via 'M6_M5_via' in Cap table or LEF or OA files. The default value of 4.0 ohms is being assigned. To avoid this, check the Cap table and LEF and OA files, provide the resistance and read the files again.
**WARN: (IMPEXT-2882):	Unable to find the resistance for via 'M7_M6_via' in Cap table or LEF or OA files. The default value of 4.0 ohms is being assigned. To avoid this, check the Cap table and LEF and OA files, provide the resistance and read the files again.
**WARN: (IMPEXT-2883):	The resistance extracted for a wire belonging to net b_in[2] is 0 ohms. Therefore, a small value of 0.1 ohms is assigned to it.
**WARN: (IMPEXT-2883):	The resistance extracted for a wire belonging to net data_out[16] is 0 ohms. Therefore, a small value of 0.1 ohms is assigned to it.
**WARN: (IMPEXT-2883):	The resistance extracted for a wire belonging to net data_out[6] is 0 ohms. Therefore, a small value of 0.1 ohms is assigned to it.
**WARN: (IMPEXT-2883):	The resistance extracted for a wire belonging to net data_out[1] is 0 ohms. Therefore, a small value of 0.1 ohms is assigned to it.
**WARN: (IMPEXT-2883):	The resistance extracted for a wire belonging to net a[15] is 0 ohms. Therefore, a small value of 0.1 ohms is assigned to it.
**WARN: (IMPEXT-2883):	The resistance extracted for a wire belonging to net a[13] is 0 ohms. Therefore, a small value of 0.1 ohms is assigned to it.
**WARN: (IMPEXT-2883):	The resistance extracted for a wire belonging to net a[13] is 0 ohms. Therefore, a small value of 0.1 ohms is assigned to it.
**WARN: (IMPEXT-2883):	The resistance extracted for a wire belonging to net a[13] is 0 ohms. Therefore, a small value of 0.1 ohms is assigned to it.
**WARN: (IMPEXT-2883):	The resistance extracted for a wire belonging to net a[12] is 0 ohms. Therefore, a small value of 0.1 ohms is assigned to it.
**WARN: (IMPEXT-2883):	The resistance extracted for a wire belonging to net a[12] is 0 ohms. Therefore, a small value of 0.1 ohms is assigned to it.
**WARN: (IMPEXT-2883):	The resistance extracted for a wire belonging to net a[12] is 0 ohms. Therefore, a small value of 0.1 ohms is assigned to it.
**WARN: (IMPEXT-2883):	The resistance extracted for a wire belonging to net a[11] is 0 ohms. Therefore, a small value of 0.1 ohms is assigned to it.
**WARN: (IMPEXT-2883):	The resistance extracted for a wire belonging to net a[10] is 0 ohms. Therefore, a small value of 0.1 ohms is assigned to it.
**WARN: (EMS-27):	Message (IMPEXT-2883) has exceeded the current message display limit of 20.
To increase the message display limit, refer to the product command reference manual.
Created SPF File: top_16.spf
<CMD> saveDesign top_16
#% Begin save design ... (date=11/28 22:17:35, mem=975.9M)
% Begin Save netlist data ... (date=11/28 22:17:35, mem=977.9M)
Writing Binary DB to top_16.dat/top_16.v.bin in single-threaded mode...
% End Save netlist data ... (date=11/28 22:17:35, total cpu=0:00:00.0, real=0:00:00.0, peak res=977.9M, current mem=977.9M)
% Begin Save AAE data ... (date=11/28 22:17:35, mem=977.8M)
Saving AAE Data ...
% End Save AAE data ... (date=11/28 22:17:35, total cpu=0:00:00.0, real=0:00:00.0, peak res=977.8M, current mem=977.8M)
% Begin Save clock tree data ... (date=11/28 22:17:35, mem=977.9M)
% End Save clock tree data ... (date=11/28 22:17:35, total cpu=0:00:00.0, real=0:00:00.0, peak res=977.9M, current mem=977.9M)
Saving preference file top_16.dat/gui.pref.tcl ...
Saving mode setting ...
Saving global file ...
% Begin Save floorplan data ... (date=11/28 22:17:35, mem=978.6M)
Saving floorplan file ...
% End Save floorplan data ... (date=11/28 22:17:35, total cpu=0:00:00.0, real=0:00:00.0, peak res=978.6M, current mem=978.6M)
Saving Drc markers ...
... No Drc file written since there is no markers found.
% Begin Save placement data ... (date=11/28 22:17:35, mem=979.0M)
** Saving stdCellPlacement_binary (version# 1) ...
% End Save placement data ... (date=11/28 22:17:35, total cpu=0:00:00.0, real=0:00:00.0, peak res=979.0M, current mem=979.0M)
% Begin Save routing data ... (date=11/28 22:17:35, mem=979.0M)
Saving route file ...
*** Completed saveRoute (cpu=0:00:00.0 real=0:00:01.0 mem=1084.8M) ***
% End Save routing data ... (date=11/28 22:17:36, total cpu=0:00:00.0, real=0:00:01.0, peak res=979.1M, current mem=979.1M)
Saving property file top_16.dat/top_16.prop
*** Completed saveProperty (cpu=0:00:00.0 real=0:00:00.0 mem=1084.8M) ***
#Saving pin access info...
#
% Begin Save power constraints data ... (date=11/28 22:17:36, mem=981.5M)
% End Save power constraints data ... (date=11/28 22:17:36, total cpu=0:00:00.0, real=0:00:00.0, peak res=981.5M, current mem=981.5M)
**ERROR: (IMPOAX-142):	Could not open shared library libinnovusoax22.so : /usr/local/packages/cadence_2017/innovus171/tools.lnx86/lib/64bit/libstdc++.so.6: version `CXXABI_1.3.8' not found (required by /usr/local/packages/cadence_2022/INNOVUS211/oa_v22.60.087/lib/linux_rhel60_64/opt/liboaDesign.so)

**ERROR: (IMPOAX-142):	Could not open shared library libcdsSkillPcell.so : /usr/local/packages/cadence_2017/innovus171/tools.lnx86/lib/64bit/libcdsSkillPcell.so: undefined symbol: _ZTIN12OpenAccess_413oaFSComponentE

**ERROR: (IMPSYT-6245):	Error , while saving MS constraint file.
Generated self-contained design top_16.dat
#% End save design ... (date=11/28 22:17:36, total cpu=0:00:00.4, real=0:00:01.0, peak res=983.6M, current mem=983.6M)

*** Summary of all messages that are not suppressed in this session:
Severity  ID               Count  Summary                                  
ERROR     IMPSYT-6245          1  Error %s, while saving MS constraint fil...
ERROR     IMPOAX-142           2  %s                                       
*** Message Summary: 0 warning(s), 3 error(s)

<CMD> pan 41.462 21.767
<CMD> pan 3.903 2.776
<CMD> uiSetTool ruler
<CMD> fit
<CMD> fit
<CMD> saveDesign top_16
#% Begin save design ... (date=11/28 22:18:34, mem=951.5M)
% Begin Save netlist data ... (date=11/28 22:18:34, mem=951.5M)
Writing Binary DB to top_16.dat.tmp/top_16.v.bin in single-threaded mode...
% End Save netlist data ... (date=11/28 22:18:34, total cpu=0:00:00.0, real=0:00:00.0, peak res=951.8M, current mem=951.8M)
% Begin Save AAE data ... (date=11/28 22:18:34, mem=951.8M)
Saving AAE Data ...
% End Save AAE data ... (date=11/28 22:18:35, total cpu=0:00:00.0, real=0:00:01.0, peak res=951.8M, current mem=951.8M)
% Begin Save clock tree data ... (date=11/28 22:18:35, mem=951.8M)
% End Save clock tree data ... (date=11/28 22:18:35, total cpu=0:00:00.0, real=0:00:00.0, peak res=951.8M, current mem=951.8M)
Saving preference file top_16.dat.tmp/gui.pref.tcl ...
Saving mode setting ...
Saving global file ...
% Begin Save floorplan data ... (date=11/28 22:18:35, mem=951.8M)
Saving floorplan file ...
% End Save floorplan data ... (date=11/28 22:18:35, total cpu=0:00:00.0, real=0:00:00.0, peak res=951.8M, current mem=951.8M)
Saving Drc markers ...
... No Drc file written since there is no markers found.
% Begin Save placement data ... (date=11/28 22:18:35, mem=951.8M)
** Saving stdCellPlacement_binary (version# 1) ...
% End Save placement data ... (date=11/28 22:18:35, total cpu=0:00:00.0, real=0:00:00.0, peak res=951.8M, current mem=951.8M)
% Begin Save routing data ... (date=11/28 22:18:35, mem=951.8M)
Saving route file ...
*** Completed saveRoute (cpu=0:00:00.0 real=0:00:00.0 mem=1086.1M) ***
% End Save routing data ... (date=11/28 22:18:35, total cpu=0:00:00.1, real=0:00:00.0, peak res=951.8M, current mem=951.8M)
Saving property file top_16.dat.tmp/top_16.prop
*** Completed saveProperty (cpu=0:00:00.0 real=0:00:00.0 mem=1086.1M) ***
#Saving pin access info...
#
% Begin Save power constraints data ... (date=11/28 22:18:35, mem=951.8M)
% End Save power constraints data ... (date=11/28 22:18:35, total cpu=0:00:00.0, real=0:00:00.0, peak res=951.8M, current mem=951.8M)
**ERROR: (IMPOAX-142):	Could not open shared library libinnovusoax22.so : /usr/local/packages/cadence_2017/innovus171/tools.lnx86/lib/64bit/libstdc++.so.6: version `CXXABI_1.3.8' not found (required by /usr/local/packages/cadence_2022/INNOVUS211/oa_v22.60.087/lib/linux_rhel60_64/opt/liboaDesign.so)

**ERROR: (IMPOAX-142):	Could not open shared library libcdsSkillPcell.so : /usr/local/packages/cadence_2017/innovus171/tools.lnx86/lib/64bit/libcdsSkillPcell.so: undefined symbol: _ZTIN12OpenAccess_413oaFSComponentE

**ERROR: (IMPSYT-6245):	Error , while saving MS constraint file.
Generated self-contained design top_16.dat.tmp
<CMD> saveDesign top_16
% Begin save design ... (date=11/28 22:18:41, mem=946.2M)
% Begin Save netlist data ... (date=11/28 22:18:41, mem=946.2M)
Writing Binary DB to top_16.dat.tmp/top_16.v.bin in single-threaded mode...
% End Save netlist data ... (date=11/28 22:18:41, total cpu=0:00:00.0, real=0:00:00.0, peak res=946.6M, current mem=946.6M)
% Begin Save AAE data ... (date=11/28 22:18:41, mem=946.6M)
Saving AAE Data ...
% End Save AAE data ... (date=11/28 22:18:41, total cpu=0:00:00.0, real=0:00:00.0, peak res=946.6M, current mem=946.6M)
% Begin Save clock tree data ... (date=11/28 22:18:41, mem=946.6M)
% End Save clock tree data ... (date=11/28 22:18:41, total cpu=0:00:00.0, real=0:00:00.0, peak res=946.6M, current mem=946.6M)
Saving preference file top_16.dat.tmp/gui.pref.tcl ...
Saving mode setting ...
Saving global file ...
% Begin Save floorplan data ... (date=11/28 22:18:41, mem=946.6M)
Saving floorplan file ...
% End Save floorplan data ... (date=11/28 22:18:42, total cpu=0:00:00.0, real=0:00:01.0, peak res=946.6M, current mem=946.6M)
Saving Drc markers ...
... No Drc file written since there is no markers found.
% Begin Save placement data ... (date=11/28 22:18:42, mem=946.6M)
** Saving stdCellPlacement_binary (version# 1) ...
% End Save placement data ... (date=11/28 22:18:42, total cpu=0:00:00.0, real=0:00:00.0, peak res=946.6M, current mem=946.6M)
% Begin Save routing data ... (date=11/28 22:18:42, mem=946.6M)
Saving route file ...
*** Completed saveRoute (cpu=0:00:00.0 real=0:00:00.0 mem=1086.3M) ***
% End Save routing data ... (date=11/28 22:18:42, total cpu=0:00:00.0, real=0:00:00.0, peak res=947.5M, current mem=947.5M)
Saving property file top_16.dat.tmp/top_16.prop
*** Completed saveProperty (cpu=0:00:00.0 real=0:00:00.0 mem=1086.3M) ***
#Saving pin access info...
#
% Begin Save power constraints data ... (date=11/28 22:18:42, mem=947.5M)
% End Save power constraints data ... (date=11/28 22:18:42, total cpu=0:00:00.0, real=0:00:00.0, peak res=947.5M, current mem=947.5M)
**ERROR: (IMPOAX-142):	Could not open shared library libinnovusoax22.so : /usr/local/packages/cadence_2017/innovus171/tools.lnx86/lib/64bit/libstdc++.so.6: version `CXXABI_1.3.8' not found (required by /usr/local/packages/cadence_2022/INNOVUS211/oa_v22.60.087/lib/linux_rhel60_64/opt/liboaDesign.so)

**ERROR: (IMPOAX-142):	Could not open shared library libcdsSkillPcell.so : /usr/local/packages/cadence_2017/innovus171/tools.lnx86/lib/64bit/libcdsSkillPcell.so: undefined symbol: _ZTIN12OpenAccess_413oaFSComponentE

**ERROR: (IMPSYT-6245):	Error , while saving MS constraint file.
Generated self-contained design top_16.dat.tmp
<CMD> saveDesign top_16
% Begin save design ... (date=11/28 22:18:49, mem=946.2M)
<CMD> saveDesign top_16
% Begin save design ... (date=11/28 22:18:50, mem=946.2M)
**ERROR: (IMPQTF-4044):	Error happens when execute '::Rda_Design::saveDesign:apply saveDesign' with error message: 'Directory already exists: top_16.dat.tmp/ccopt'.This is probably an inner GUI action error.Use direct TCL command instead of GUI interactive.
<CMD> saveDesign top_16
% Begin save design ... (date=11/28 22:18:51, mem=946.2M)
<CMD> encMessage warning 0
Suppress "**WARN ..." messages.
<CMD> encMessage debug 0
<CMD> encMessage info 0
Reset to color id 0 for dadda_mult_16 (dadda_mult_16) and all their descendants.
Free PSO.
**WARN: (IMPCK-8086):	The command setCTSMode is obsolete and will be removed in the next release. This command still works in this release, but by the next release you must transition to the CCOpt-based CTS flow.
**ERROR: (IMPOAX-820):	The OA features are disabled in the current session of Innovus because the oax shared library could not be loaded properly. This could be because your installation was not properly configured. To enable OA features, exit the current session and re-launch Innovus either after fixing your installation by running the Configure Installation phase, or after setting the OA_HOME variable to point to a proper OA installation. Check the "OpenAccess Installation and Configuration Guide" manual for more information.

**ERROR: (IMPOAX-850):	oaxCleanupData command cannot be run as OA features are disabled in this session.


Info (SM2C): Status of key globals:
	 MMMC-by-default flow     : 1
	 Default MMMC objs envvar : 0
	 Data portability         : 0
	 MMMC PV Emulation        : 0
	 MMMC debug               : 0
	 Init_Design flow         : 1


	 CTE SM2C global          : false
	 Reporting view filter    : false
**ERROR: (IMPOAX-820):	The OA features are disabled in the current session of Innovus because the oax shared library could not be loaded properly. This could be because your installation was not properly configured. To enable OA features, exit the current session and re-launch Innovus either after fixing your installation by running the Configure Installation phase, or after setting the OA_HOME variable to point to a proper OA installation. Check the "OpenAccess Installation and Configuration Guide" manual for more information.

**ERROR: (IMPOAX-850):	oaxCreateCdsLibArray command cannot be run as OA features are disabled in this session.


ERROR: **ERROR: (IMPIMEX-3):	There is no verilog netlist found in init_verilog. The variable is either not specified or specified incorrectly. Check the location of Verilog file in the global file.


**ERROR: (IMPIMEX-3):	There is no verilog netlist found in init_verilog. The variable is either not specified or specified incorrectly. Check the location of Verilog file in the global file.

    while executing
"error $catchMsg"
    (procedure "restoreDesign" line 29)

**ERROR: (IMPSYT-6300):	Failed to execute command 'source'. For more details, refer to error message: **ERROR: (IMPIMEX-3):	There is no verilog netlist found in init_verilog. The variable is either not specified or specified incorrectly. Check the location of Verilog file in the global file.

<CMD> encMessage warning 0
Suppress "**WARN ..." messages.
<CMD> encMessage debug 0
<CMD> encMessage info 0
**ERROR: (IMPOAX-820):	The OA features are disabled in the current session of Innovus because the oax shared library could not be loaded properly. This could be because your installation was not properly configured. To enable OA features, exit the current session and re-launch Innovus either after fixing your installation by running the Configure Installation phase, or after setting the OA_HOME variable to point to a proper OA installation. Check the "OpenAccess Installation and Configuration Guide" manual for more information.

**ERROR: (IMPOAX-850):	oaxCreateCdsLibArray command cannot be run as OA features are disabled in this session.


ERROR: **ERROR: (IMPIMEX-3):	There is no verilog netlist found in init_verilog. The variable is either not specified or specified incorrectly. Check the location of Verilog file in the global file.


**ERROR: (IMPIMEX-3):	There is no verilog netlist found in init_verilog. The variable is either not specified or specified incorrectly. Check the location of Verilog file in the global file.

    while executing
"error $catchMsg"
    (procedure "restoreDesign" line 29)

**ERROR: (IMPSYT-6300):	Failed to execute command 'source'. For more details, refer to error message: **ERROR: (IMPIMEX-3):	There is no verilog netlist found in init_verilog. The variable is either not specified or specified incorrectly. Check the location of Verilog file in the global file.

**ERROR: (IMPOAX-820):	The OA features are disabled in the current session of Innovus because the oax shared library could not be loaded properly. This could be because your installation was not properly configured. To enable OA features, exit the current session and re-launch Innovus either after fixing your installation by running the Configure Installation phase, or after setting the OA_HOME variable to point to a proper OA installation. Check the "OpenAccess Installation and Configuration Guide" manual for more information.

**ERROR: (IMPOAX-850):	oaxCreateCdsLibArray command cannot be run as OA features are disabled in this session.


ERROR: **ERROR: (IMPIMEX-3):	There is no verilog netlist found in init_verilog. The variable is either not specified or specified incorrectly. Check the location of Verilog file in the global file.


**ERROR: (IMPIMEX-3):	There is no verilog netlist found in init_verilog. The variable is either not specified or specified incorrectly. Check the location of Verilog file in the global file.

    while executing
"error $catchMsg"
    (procedure "restoreDesign" line 29)

**ERROR: (IMPSYT-6300):	Failed to execute command 'source'. For more details, refer to error message: **ERROR: (IMPIMEX-3):	There is no verilog netlist found in init_verilog. The variable is either not specified or specified incorrectly. Check the location of Verilog file in the global file.


*** Memory Usage v#1 (Current mem = 978.754M, initial mem = 186.469M) ***
*** Message Summary: 644 warning(s), 35 error(s)

--- Ending "Innovus" (totcpu=0:00:30.0, real=0:05:56, mem=978.8M) ---
