# Preference setting overrides
gui_create_pref_key -category {Globals} -key {load_detail_for_funcov} -value_type {bool} -value {false}
gui_create_pref_category -category {schem_obj_name}
gui_create_pref_key -category {schem_obj_name} -key {show_cell_and_pin_with_symbol_name} -value_type {bool} -value {false}
gui_create_pref_key -category {schem_pin_hc} -key {textExtFont} -value_type {string} -value {Helvetica,10,-1,5,50,0,0,0,0,0}

# State setting overrides
gui_state_default_create -off -ini
gui_set_state_value -category Globals -key recent_databases -value {{gui_open_db -file /home/ecelrc/students/wzhu1/microarch/1b.2/d_latch.dump.vpd -design V1}}
gui_set_state_value -category Layout -key child_console_size_x -value 1334
gui_set_state_value -category Layout -key child_console_size_y -value 338
gui_set_state_value -category Layout -key child_data_coltype -value 47
gui_set_state_value -category Layout -key child_data_colvariable -value 180
gui_set_state_value -category Layout -key child_data_size_x -value 235
gui_set_state_value -category Layout -key child_data_size_y -value 391
gui_set_state_value -category Layout -key child_driver_size_x -value 1072
gui_set_state_value -category Layout -key child_driver_size_y -value 348
gui_set_state_value -category Layout -key child_hier_col3 -value {-1}
gui_set_state_value -category Layout -key child_hier_colhier -value 246
gui_set_state_value -category Layout -key child_hier_colpd -value 0
gui_set_state_value -category Layout -key child_hier_coltype -value 114
gui_set_state_value -category Layout -key child_hier_size_x -value 270
gui_set_state_value -category Layout -key child_hier_size_y -value 391
gui_set_state_value -category Layout -key child_hier_sort_order -value 1
gui_set_state_value -category Layout -key child_list_down -value 177
gui_set_state_value -category Layout -key child_list_right -value 442
gui_set_state_value -category Layout -key child_schematic_docknewline -value false
gui_set_state_value -category Layout -key child_schematic_pos_x -value {-2}
gui_set_state_value -category Layout -key child_schematic_pos_y -value {-15}
gui_set_state_value -category Layout -key child_schematic_size_x -value 840
gui_set_state_value -category Layout -key child_schematic_size_y -value 515
gui_set_state_value -category Layout -key child_source_docknewline -value false
gui_set_state_value -category Layout -key child_source_pos_x -value {-2}
gui_set_state_value -category Layout -key child_source_pos_y -value {-15}
gui_set_state_value -category Layout -key child_source_size_x -value 832
gui_set_state_value -category Layout -key child_source_size_y -value 386
gui_set_state_value -category Layout -key child_watch_size_x -value 1303
gui_set_state_value -category Layout -key child_watch_size_y -value 105
gui_set_state_value -category Layout -key child_wave_colname -value 186
gui_set_state_value -category Layout -key child_wave_colvalue -value 186
gui_set_state_value -category Layout -key child_wave_docknewline -value false
gui_set_state_value -category Layout -key child_wave_left -value 376
gui_set_state_value -category Layout -key child_wave_pos_x -value {-2}
gui_set_state_value -category Layout -key child_wave_pos_y -value {-15}
gui_set_state_value -category Layout -key child_wave_right -value 917
gui_set_state_value -category Layout -key child_wave_size_x -value 1308
gui_set_state_value -category Layout -key child_wave_size_y -value 618
gui_set_state_value -category Layout -key main_pos_x -value 8
gui_set_state_value -category Layout -key main_pos_y -value 31
gui_set_state_value -category Layout -key main_size_x -value 1342
gui_set_state_value -category Layout -key main_size_y -value 859
gui_set_state_value -category Layout -key stand_list_child_docknewline -value false
gui_set_state_value -category Layout -key stand_list_child_pos_x -value {-2}
gui_set_state_value -category Layout -key stand_list_child_pos_y -value {-15}
gui_set_state_value -category Layout -key stand_list_child_size_x -value 602
gui_set_state_value -category Layout -key stand_list_child_size_y -value 322
gui_set_state_value -category Layout -key stand_list_top_pos_x -value 392
gui_set_state_value -category Layout -key stand_list_top_pos_y -value 148
gui_set_state_value -category Layout -key stand_list_top_size_x -value 989
gui_set_state_value -category Layout -key stand_list_top_size_y -value 645
gui_set_state_value -category Layout -key stand_wave_child_docknewline -value false
gui_set_state_value -category Layout -key stand_wave_child_pos_x -value {-2}
gui_set_state_value -category Layout -key stand_wave_child_pos_y -value {-15}
gui_set_state_value -category Layout -key stand_wave_child_size_x -value 1303
gui_set_state_value -category Layout -key stand_wave_child_size_y -value 718
gui_set_state_value -category Layout -key stand_wave_top_pos_x -value 79
gui_set_state_value -category Layout -key stand_wave_top_pos_y -value 131
gui_set_state_value -category Layout -key stand_wave_top_size_x -value 1377
gui_set_state_value -category Layout -key stand_wave_top_size_y -value 953
gui_create_state_key -category FindDialog -key m_pMatchCase -value_type bool -value false
gui_create_state_key -category FindDialog -key m_pMatchWord -value_type bool -value false
gui_create_state_key -category FindDialog -key m_pUseCombo -value_type string -value {}
gui_create_state_key -category FindDialog -key m_pWrapAround -value_type bool -value true
gui_create_state_key -category Widget_History -key TopLevel.1|qt_left_dock|DockWnd1|HSPane.1|pages|Hier.1|hbox|textfilter -value_type string -value {*addr* *controller* *fsm*}
gui_create_state_key -category Widget_History -key TopLevel.2|EkTopVbox|wndWorkspace|qt_workspacechild3|Wave.1|left|filterVBox|controlHBox|unnamed -value_type string -value {** *mem* *out*}
gui_create_state_key -category Widget_History -key TopLevel.2|EkTopVbox|wndWorkspace|qt_workspacechild5|Wave.1|left|filterVBox|controlHBox|unnamed -value_type string -value *32*
gui_create_state_key -category Widget_History -key TopLevel.2|EkTopVbox|wndWorkspace|qt_workspacechild6|Wave.1|left|filterVBox|controlHBox|unnamed -value_type string -value {*e *ex *exe *exe_}
gui_create_state_key -category Widget_History -key {dlgSimSetup|m_setupTab|tab pages|SimTab|m_VPDCombo} -value_type string -value inter.vpd
gui_create_state_key -category Widget_History -key {dlgSimSetup|m_setupTab|tab pages|SimTab|m_argsCombo} -value_type string -value {{-ucligui }}
gui_create_state_key -category Widget_History -key {dlgSimSetup|m_setupTab|tab pages|SimTab|m_curDirCombo} -value_type string -value {/home/ecelrc/students/wzhu1/HighSpeed /home/ecelrc/students/wzhu1/Microarch/project/test/System_Top /home/ecelrc/students/wzhu1/Microarch/project/test/Cache /home/ecelrc/students/wzhu1/Microarch/project/test/CPU_top /home/ecelrc/students/wzhu1/Microarch/project/test/AddrGen_Stage}
gui_create_state_key -category Widget_History -key {dlgSimSetup|m_setupTab|tab pages|SimTab|m_exeCombo} -value_type string -value {/home/ecelrc/students/wzhu1/HighSpeed/simv ./simv /home/ecelrc/students/wzhu1/Microarch/project/test/System_Top/simv /home/ecelrc/students/wzhu1/Microarch/project/test/Cache/simv /home/ecelrc/students/wzhu1/Microarch/project/test/CPU_top/simv}
gui_state_default_create -off

# Begin command logging
gui_sim_run Ucli -exe ./simv -args {-ucligui  } -dir .
gui_list_select -id Data.1 -selected  { {test_16.c[30:0]}   }
gui_list_select -id Data.1 -selected  { {test_16.c[30:0]}  {test_16.a[15:0]}  {test_16.b[15:0]}   }
gui_open_window Wave
gui_list_add -id Wave.1 -from Data.1 { {test_16.c[30:0]} {test_16.a[15:0]} {test_16.b[15:0]} } -insertionbar
gui_sim_continue 1000 
gui_marker_move -id  Wave.1 C1 914
gui_zoom -window Wave.1 -full
gui_zoom -window Wave.1 -full
gui_set_time_units 1ns
gui_sim_continue 1000 
gui_zoom -window Wave.1 -full
gui_list_select -id Wave.1 -selected  { {test_16.c[30:0]}   }
gui_list_select -id Wave.1 -selected  { {test_16.c[30:0]}  {test_16.a[15:0]}  {test_16.b[15:0]}   }
gui_list_set_selected_property -id Wave.1 -radix decimal
gui_marker_move -id  Wave.1 C1 37.2
gui_marker_move -id  Wave.1 C1 0
gui_close_window -window TopLevel.2
