set ucliGUI::state
set ucliGUI::state
ucliCore::getToolPID
synopsys::env hasTB
trigger_hier_stack_context_switch 0
synUtils::setDVEInitPhase 1
synopsys::dump -type VPD -file /home/ecelrc/students/wzhu1/HighSpeed/inter.vpd -locking
synopsys::dump -autoflush on -fid VPD0
set ::dve_fid VPD0
synUtils::setDVEInitPhase 0
ucliCore::getToolPID
synUtils::sendTool -active _icl_setToolSocket /tmp/smlnp1ofm3T
synUtils::sendTool -active {_icl_start_rpc -version "T-2022.06_Full64" -sync_file /tmp/vcs_dve_rpc.wzhu1.2549684}
synUtils::sendTool -active {_icl_createSharedMemory /tmp/vcs_dve_general.wzhu1.2549684}
config endofsim noexit
config onfail enable all
config syscaddplainmembers
config syscaddsourcenames
config syscaddstructtypes
synopsys::listing -disable
ucliGUI::vpdAddHierarchy -scope test_16 -depth 1 -file /home/ecelrc/students/wzhu1/HighSpeed/inter.vpd; synopsys::dump -flush VPD0
synopsys::dump -add {test_16.a test_16.b test_16.c } -aggregates  -fid VPD0
synopsys::run -relative 10000.000000ps
set ucliGUI::state
set ucliGUI::state
set ucliGUI::state
set ucliGUI::state
set ucliGUI::state
synopsys::run -relative 1000.000000ns
set ucliGUI::state
set ucliGUI::state
set ucliGUI::state
set ucliGUI::state
set ucliGUI::state
ucliGUI::getSignalValues -scope test_16 -radix {decimal } -list {{c[30:0]} }
ucliGUI::getSignalValues -scope test_16 -radix {decimal } -list {{a[15:0]} }
ucliGUI::getSignalValues -scope test_16 -radix {decimal } -list {{b[15:0]} }
if [catch {gui_sim_terminate}] {gui_sim_terminate -kill}
synopsys::finish
set ucliGUI::state
set ucliGUI::state
ucli_exit
